#
# A fatal error has been detected by the Java Runtime Environment:
#
#  EXCEPTION_ACCESS_VIOLATION (0xc0000005) at pc=0x000000005da18ad5, pid=768, tid=6436
#
# JRE version: Java(TM) SE Runtime Environment (8.0_73-b02) (build 1.8.0_73-b02)
# Java VM: Java HotSpot(TM) 64-Bit Server VM (25.73-b02 mixed mode windows-amd64 compressed oops)
# Problematic frame:
# V  [jvm.dll+0x128ad5]
#
# Failed to write core dump. Minidumps are not enabled by default on client versions of Windows
#
# If you would like to submit a bug report, please visit:
#   http://bugreport.java.com/bugreport/crash.jsp
#

---------------  T H R E A D  ---------------

Current thread (0x0000000017e46800):  JavaThread "JDWP Transport Listener: dt_socket" daemon [_thread_in_vm, id=6436, stack(0x00000000197a0000,0x00000000198a0000)]

siginfo: ExceptionCode=0xc0000005, reading address 0xffffffffffffffff

Registers:
RAX=0x000000001989f801, RBX=0x0000000017e46800, RCX=0x00015a290056293b, RDX=0x0000000000000000
RSP=0x000000001989f7d0, RBP=0x00015a290056293b, RSI=0x000000001989f8e8, RDI=0x0000000002fbda20
R8 =0x0000000017e46800, R9 =0x0000000000000000, R10=0x0000000000000000, R11=0x0000000000000064
R12=0x0000000000000000, R13=0x0000000017e3daa8, R14=0x0000000000000000, R15=0x0000000000000000
RIP=0x000000005da18ad5, EFLAGS=0x0000000000010202

Top of Stack: (sp=0x000000001989f7d0)
0x000000001989f7d0:   0000000017e46800 0000000017e720c0
0x000000001989f7e0:   000000001989f898 000000005dc1e34b
0x000000001989f7f0:   0000000017e46800 000000005dc3abad
0x000000001989f800:   0000000000000000 000000005d889155
0x000000001989f810:   000000001b151c38 000000005d89291e
0x000000001989f820:   0000000017e46800 0000000000000000
0x000000001989f830:   0000000000000000 0000000000000000
0x000000001989f840:   00015a290056293b 000000005d891a15
0x000000001989f850:   000000001989f8e8 000000001989f8c0
0x000000001989f860:   0000000000000001 000000001b151c38
0x000000001989f870:   00015a290056293b 000000005d8753b3
0x000000001989f880:   000000001989f9b0 0000000000000001
0x000000001989f890:   0000000000000001 000000001b151c38
0x000000001989f8a0:   0000000000000009 0000000000000000
0x000000001989f8b0:   0000000000000000 0000000000000000
0x000000001989f8c0:   0000000000000001 000000005d875571 

Instructions: (pc=0x000000005da18ad5)
0x000000005da18ab5:   cc cc cc cc cc cc cc cc cc cc cc 48 83 ec 28 48
0x000000005da18ac5:   85 c9 75 07 33 c0 48 83 c4 28 c3 48 89 5c 24 20
0x000000005da18ad5:   48 8b 19 48 85 db 74 20 48 83 fb 37 74 1a 48 8b
0x000000005da18ae5:   13 48 8b cb ff 52 10 84 c0 74 0d 48 8b c3 48 8b 


Register to memory mapping:

RAX=0x000000001989f801 is pointing into the stack for thread: 0x0000000017e46800
RBX=0x0000000017e46800 is a thread
RCX=0x00015a290056293b is an unknown value
RDX=0x0000000000000000 is an unknown value
RSP=0x000000001989f7d0 is pointing into the stack for thread: 0x0000000017e46800
RBP=0x00015a290056293b is an unknown value
RSI=0x000000001989f8e8 is pointing into the stack for thread: 0x0000000017e46800
RDI=0x0000000002fbda20 is an unknown value
R8 =0x0000000017e46800 is a thread
R9 =0x0000000000000000 is an unknown value
R10=0x0000000000000000 is an unknown value
R11=0x0000000000000064 is an unknown value
R12=0x0000000000000000 is an unknown value
R13=0x0000000017e3daa8 is an unknown value
R14=0x0000000000000000 is an unknown value
R15=0x0000000000000000 is an unknown value


Stack: [0x00000000197a0000,0x00000000198a0000],  sp=0x000000001989f7d0,  free space=1021k
Native frames: (J=compiled Java code, j=interpreted, Vv=VM code, C=native code)
V  [jvm.dll+0x128ad5]
V  [jvm.dll+0x34abad]
C  [jdwp.dll+0x21a15]
C  [jdwp.dll+0x53b3]
C  [jdwp.dll+0x5571]
C  [jdwp.dll+0xf0a8]
C  [jdwp.dll+0x1f2d5]
C  [jdwp.dll+0x1f4aa]
V  [jvm.dll+0x1bbb58]
V  [jvm.dll+0x243234]
V  [jvm.dll+0x29a10a]
C  [msvcr100.dll+0x21d9f]
C  [msvcr100.dll+0x21e3b]
C  [KERNEL32.DLL+0x18102]
C  [ntdll.dll+0x5c5b4]


---------------  P R O C E S S  ---------------

Java Threads: ( => current thread )
  0x000000001b4f5800 JavaThread "Exec Stream Pumper" daemon [_thread_in_native, id=6164, stack(0x000000001c850000,0x000000001c950000)]
  0x000000001b187000 JavaThread "Exec Stream Pumper" daemon [_thread_in_native, id=5984, stack(0x000000001c750000,0x000000001c850000)]
  0x000000001b78b800 JavaThread "Exec Default Executor" daemon [_thread_in_native, id=10244, stack(0x000000001c550000,0x000000001c650000)]
  0x000000001a846000 JavaThread "ReaderThread" [_thread_in_native, id=9128, stack(0x000000001ada0000,0x000000001aea0000)]
  0x0000000019deb800 JavaThread "Service Thread" daemon [_thread_blocked, id=8792, stack(0x000000001a1a0000,0x000000001a2a0000)]
  0x0000000017e64000 JavaThread "C1 CompilerThread2" daemon [_thread_blocked, id=6380, stack(0x0000000019ca0000,0x0000000019da0000)]
  0x0000000017e62800 JavaThread "C2 CompilerThread1" daemon [_thread_blocked, id=4932, stack(0x0000000019ba0000,0x0000000019ca0000)]
  0x0000000017e5b800 JavaThread "C2 CompilerThread0" daemon [_thread_blocked, id=5944, stack(0x0000000019aa0000,0x0000000019ba0000)]
  0x0000000017e4d000 JavaThread "JDWP Command Reader" daemon [_thread_in_native, id=1668, stack(0x00000000199a0000,0x0000000019aa0000)]
  0x0000000017e49800 JavaThread "JDWP Event Helper Thread" daemon [_thread_blocked, id=1376, stack(0x00000000198a0000,0x00000000199a0000)]
=>0x0000000017e46800 JavaThread "JDWP Transport Listener: dt_socket" daemon [_thread_in_vm, id=6436, stack(0x00000000197a0000,0x00000000198a0000)]
  0x0000000017e30000 JavaThread "Attach Listener" daemon [_thread_blocked, id=10116, stack(0x0000000019360000,0x0000000019460000)]
  0x0000000017e2f000 JavaThread "Signal Dispatcher" daemon [_thread_blocked, id=924, stack(0x0000000019260000,0x0000000019360000)]
  0x00000000032bb000 JavaThread "Finalizer" daemon [_thread_blocked, id=10612, stack(0x0000000019080000,0x0000000019180000)]
  0x0000000017df9000 JavaThread "Reference Handler" daemon [_thread_blocked, id=2432, stack(0x0000000018f80000,0x0000000019080000)]
  0x00000000031c5800 JavaThread "main" [_thread_blocked, id=1232, stack(0x00000000030c0000,0x00000000031c0000)]

Other Threads:
  0x0000000017df7800 VMThread [stack: 0x0000000018e80000,0x0000000018f80000] [id=9808]
  0x0000000019e3c000 WatcherThread [stack: 0x000000001a2a0000,0x000000001a3a0000] [id=7592]

VM state:not at safepoint (normal execution)

VM Mutex/Monitor currently owned by a thread: None

Heap:
 PSYoungGen      total 38400K, used 14995K [0x00000000d5c00000, 0x00000000d8680000, 0x0000000100000000)
  eden space 33280K, 29% used [0x00000000d5c00000,0x00000000d65acc08,0x00000000d7c80000)
  from space 5120K, 99% used [0x00000000d7c80000,0x00000000d8178270,0x00000000d8180000)
  to   space 5120K, 0% used [0x00000000d8180000,0x00000000d8180000,0x00000000d8680000)
 ParOldGen       total 87552K, used 5783K [0x0000000081400000, 0x0000000086980000, 0x00000000d5c00000)
  object space 87552K, 6% used [0x0000000081400000,0x00000000819a5f80,0x0000000086980000)
 Metaspace       used 20566K, capacity 20814K, committed 21120K, reserved 1067008K
  class space    used 2583K, capacity 2676K, committed 2688K, reserved 1048576K

Card table byte_map: [0x0000000012680000,0x0000000012a80000] byte_map_base: 0x0000000012276000

Marking Bits: (ParMarkBitMap*) 0x000000005e100600
 Begin Bits: [0x0000000013130000, 0x00000000150e0000)
 End Bits:   [0x00000000150e0000, 0x0000000017090000)

Polling page: 0x0000000002f40000

CodeCache: size=245760Kb used=4913Kb max_used=4913Kb free=240846Kb
 bounds [0x00000000032c0000, 0x00000000037a0000, 0x00000000122c0000]
 total_blobs=1872 nmethods=1449 adapters=344
 compilation: enabled

Compilation events (10 events):
Event: 44.480 Thread 0x0000000017e62800 nmethod 1477 0x000000000378e050 code [0x000000000378e180, 0x000000000378e238]
Event: 44.480 Thread 0x0000000017e64000 nmethod 1479 0x000000000378cd90 code [0x000000000378cfa0, 0x000000000378da78]
Event: 44.480 Thread 0x0000000017e64000 1480       1       org.apache.http.message.BasicRequestLine::getMethod (5 bytes)
Event: 44.480 Thread 0x0000000017e64000 nmethod 1480 0x000000000378cad0 code [0x000000000378cc20, 0x000000000378cd30]
Event: 44.480 Thread 0x0000000017e64000 1481       1       org.apache.http.message.BasicHeader::getValue (5 bytes)
Event: 44.480 Thread 0x0000000017e64000 nmethod 1481 0x000000000378c810 code [0x000000000378c960, 0x000000000378ca70]
Event: 45.859 Thread 0x0000000017e64000 1482       1       com.google.gson.reflect.TypeToken::getType (5 bytes)
Event: 45.859 Thread 0x0000000017e64000 nmethod 1482 0x000000000378c550 code [0x000000000378c6a0, 0x000000000378c7b0]
Event: 45.860 Thread 0x0000000017e64000 1483       3       com.google.gson.internal.LinkedTreeMap::find (276 bytes)
Event: 45.864 Thread 0x0000000017e64000 nmethod 1483 0x000000000378e2d0 code [0x000000000378e580, 0x000000000378fa78]

GC Heap History (6 events):
Event: 0.638 GC heap before
{Heap before GC invocations=1 (full 0):
 PSYoungGen      total 38400K, used 33280K [0x00000000d5c00000, 0x00000000d8680000, 0x0000000100000000)
  eden space 33280K, 100% used [0x00000000d5c00000,0x00000000d7c80000,0x00000000d7c80000)
  from space 5120K, 0% used [0x00000000d8180000,0x00000000d8180000,0x00000000d8680000)
  to   space 5120K, 0% used [0x00000000d7c80000,0x00000000d7c80000,0x00000000d8180000)
 ParOldGen       total 87552K, used 0K [0x0000000081400000, 0x0000000086980000, 0x00000000d5c00000)
  object space 87552K, 0% used [0x0000000081400000,0x0000000081400000,0x0000000086980000)
 Metaspace       used 10248K, capacity 10384K, committed 10496K, reserved 1058816K
  class space    used 1241K, capacity 1266K, committed 1280K, reserved 1048576K
Event: 0.643 GC heap after
Heap after GC invocations=1 (full 0):
 PSYoungGen      total 38400K, used 5099K [0x00000000d5c00000, 0x00000000d8680000, 0x0000000100000000)
  eden space 33280K, 0% used [0x00000000d5c00000,0x00000000d5c00000,0x00000000d7c80000)
  from space 5120K, 99% used [0x00000000d7c80000,0x00000000d817ade0,0x00000000d8180000)
  to   space 5120K, 0% used [0x00000000d8180000,0x00000000d8180000,0x00000000d8680000)
 ParOldGen       total 87552K, used 761K [0x0000000081400000, 0x0000000086980000, 0x00000000d5c00000)
  object space 87552K, 0% used [0x0000000081400000,0x00000000814be7b8,0x0000000086980000)
 Metaspace       used 10248K, capacity 10384K, committed 10496K, reserved 1058816K
  class space    used 1241K, capacity 1266K, committed 1280K, reserved 1048576K
}
Event: 1.540 GC heap before
{Heap before GC invocations=2 (full 0):
 PSYoungGen      total 38400K, used 38379K [0x00000000d5c00000, 0x00000000d8680000, 0x0000000100000000)
  eden space 33280K, 100% used [0x00000000d5c00000,0x00000000d7c80000,0x00000000d7c80000)
  from space 5120K, 99% used [0x00000000d7c80000,0x00000000d817ade0,0x00000000d8180000)
  to   space 5120K, 0% used [0x00000000d8180000,0x00000000d8180000,0x00000000d8680000)
 ParOldGen       total 87552K, used 761K [0x0000000081400000, 0x0000000086980000, 0x00000000d5c00000)
  object space 87552K, 0% used [0x0000000081400000,0x00000000814be7b8,0x0000000086980000)
 Metaspace       used 15775K, capacity 15986K, committed 16128K, reserved 1062912K
  class space    used 1983K, capacity 2042K, committed 2048K, reserved 1048576K
Event: 1.547 GC heap after
Heap after GC invocations=2 (full 0):
 PSYoungGen      total 38400K, used 5114K [0x00000000d5c00000, 0x00000000d8680000, 0x0000000100000000)
  eden space 33280K, 0% used [0x00000000d5c00000,0x00000000d5c00000,0x00000000d7c80000)
  from space 5120K, 99% used [0x00000000d8180000,0x00000000d867eb20,0x00000000d8680000)
  to   space 5120K, 0% used [0x00000000d7c80000,0x00000000d7c80000,0x00000000d8180000)
 ParOldGen       total 87552K, used 2698K [0x0000000081400000, 0x0000000086980000, 0x00000000d5c00000)
  object space 87552K, 3% used [0x0000000081400000,0x00000000816a2a90,0x0000000086980000)
 Metaspace       used 15775K, capacity 15986K, committed 16128K, reserved 1062912K
  class space    used 1983K, capacity 2042K, committed 2048K, reserved 1048576K
}
Event: 10.417 GC heap before
{Heap before GC invocations=3 (full 0):
 PSYoungGen      total 38400K, used 38394K [0x00000000d5c00000, 0x00000000d8680000, 0x0000000100000000)
  eden space 33280K, 100% used [0x00000000d5c00000,0x00000000d7c80000,0x00000000d7c80000)
  from space 5120K, 99% used [0x00000000d8180000,0x00000000d867eb20,0x00000000d8680000)
  to   space 5120K, 0% used [0x00000000d7c80000,0x00000000d7c80000,0x00000000d8180000)
 ParOldGen       total 87552K, used 2698K [0x0000000081400000, 0x0000000086980000, 0x00000000d5c00000)
  object space 87552K, 3% used [0x0000000081400000,0x00000000816a2a90,0x0000000086980000)
 Metaspace       used 19451K, capacity 19722K, committed 20096K, reserved 1067008K
  class space    used 2472K, capacity 2574K, committed 2688K, reserved 1048576K
Event: 10.423 GC heap after
Heap after GC invocations=3 (full 0):
 PSYoungGen      total 38400K, used 5088K [0x00000000d5c00000, 0x00000000d8680000, 0x0000000100000000)
  eden space 33280K, 0% used [0x00000000d5c00000,0x00000000d5c00000,0x00000000d7c80000)
  from space 5120K, 99% used [0x00000000d7c80000,0x00000000d8178270,0x00000000d8180000)
  to   space 5120K, 0% used [0x00000000d8180000,0x00000000d8180000,0x00000000d8680000)
 ParOldGen       total 87552K, used 5783K [0x0000000081400000, 0x0000000086980000, 0x00000000d5c00000)
  object space 87552K, 6% used [0x0000000081400000,0x00000000819a5f80,0x0000000086980000)
 Metaspace       used 19451K, capacity 19722K, committed 20096K, reserved 1067008K
  class space    used 2472K, capacity 2574K, committed 2688K, reserved 1048576K
}

Deoptimization events (10 events):
Event: 10.311 Thread 0x00000000031c5800 Uncommon trap: reason=unstable_if action=reinterpret pc=0x0000000003525244 method=java.lang.AbstractStringBuilder.append(Ljava/lang/String;)Ljava/lang/AbstractStringBuilder; @ 1
Event: 10.390 Thread 0x00000000031c5800 Uncommon trap: reason=unstable_if action=reinterpret pc=0x00000000035e0888 method=java.util.HashMap.putVal(ILjava/lang/Object;Ljava/lang/Object;ZZ)Ljava/lang/Object; @ 162
Event: 10.391 Thread 0x00000000031c5800 Uncommon trap: reason=unstable_if action=reinterpret pc=0x0000000003557dc4 method=java.util.HashMap.getNode(ILjava/lang/Object;)Ljava/util/HashMap$Node; @ 84
Event: 10.391 Thread 0x00000000031c5800 Uncommon trap: reason=unstable_if action=reinterpret pc=0x0000000003557788 method=java.util.HashMap.getNode(ILjava/lang/Object;)Ljava/util/HashMap$Node; @ 84
Event: 10.399 Thread 0x00000000031c5800 Uncommon trap: reason=unstable_if action=reinterpret pc=0x0000000003676740 method=java.io.ByteArrayInputStream.read()I @ 8
Event: 10.441 Thread 0x00000000031c5800 Uncommon trap: reason=unstable_if action=reinterpret pc=0x00000000034c47dc method=java.lang.AbstractStringBuilder.append(Ljava/lang/String;)Ljava/lang/AbstractStringBuilder; @ 1
Event: 22.669 Thread 0x00000000031c5800 Uncommon trap: reason=unstable_if action=reinterpret pc=0x00000000035f91d8 method=java.lang.CharacterDataLatin1.digit(II)I @ 60
Event: 44.433 Thread 0x00000000031c5800 Uncommon trap: reason=unhandled action=none pc=0x000000000377a4f8 method=java.net.URLClassLoader.findClass(Ljava/lang/String;)Ljava/lang/Class; @ 44
Event: 44.435 Thread 0x00000000031c5800 Uncommon trap: reason=unhandled action=none pc=0x000000000377a4f8 method=java.net.URLClassLoader.findClass(Ljava/lang/String;)Ljava/lang/Class; @ 44
Event: 44.436 Thread 0x00000000031c5800 Uncommon trap: reason=unhandled action=none pc=0x000000000377a4f8 method=java.net.URLClassLoader.findClass(Ljava/lang/String;)Ljava/lang/Class; @ 44

Internal exceptions (10 events):
Event: 1.482 Thread 0x00000000031c5800 Exception <a 'java/lang/ArrayIndexOutOfBoundsException': 40> (0x00000000d789a568) thrown at [D:\re\puppet\workspace\8-2-build-windows-amd64-cygwin\jdk8u73\6086\hotspot\src\share\vm\interpreter\interpreterRuntime.cpp, line 366]
Event: 1.513 Thread 0x00000000031c5800 Exception <a 'java/lang/ArrayIndexOutOfBoundsException': 90> (0x00000000d7b74088) thrown at [D:\re\puppet\workspace\8-2-build-windows-amd64-cygwin\jdk8u73\6086\hotspot\src\share\vm\interpreter\interpreterRuntime.cpp, line 366]
Event: 1.513 Thread 0x00000000031c5800 Exception <a 'java/lang/ArrayIndexOutOfBoundsException': 105> (0x00000000d7b759f8) thrown at [D:\re\puppet\workspace\8-2-build-windows-amd64-cygwin\jdk8u73\6086\hotspot\src\share\vm\interpreter\interpreterRuntime.cpp, line 366]
Event: 1.519 Thread 0x00000000031c5800 Exception <a 'java/lang/ArrayIndexOutOfBoundsException': 139> (0x00000000d7bf8380) thrown at [D:\re\puppet\workspace\8-2-build-windows-amd64-cygwin\jdk8u73\6086\hotspot\src\share\vm\interpreter\interpreterRuntime.cpp, line 366]
Event: 1.521 Thread 0x00000000031c5800 Exception <a 'java/lang/ArrayIndexOutOfBoundsException': 68> (0x00000000d7c02ce0) thrown at [D:\re\puppet\workspace\8-2-build-windows-amd64-cygwin\jdk8u73\6086\hotspot\src\share\vm\interpreter\interpreterRuntime.cpp, line 366]
Event: 1.521 Thread 0x00000000031c5800 Exception <a 'java/lang/ArrayIndexOutOfBoundsException': 119> (0x00000000d7c04838) thrown at [D:\re\puppet\workspace\8-2-build-windows-amd64-cygwin\jdk8u73\6086\hotspot\src\share\vm\interpreter\interpreterRuntime.cpp, line 366]
Event: 1.522 Thread 0x00000000031c5800 Exception <a 'java/lang/ArrayIndexOutOfBoundsException': 139> (0x00000000d7c0f468) thrown at [D:\re\puppet\workspace\8-2-build-windows-amd64-cygwin\jdk8u73\6086\hotspot\src\share\vm\interpreter\interpreterRuntime.cpp, line 366]
Event: 1.531 Thread 0x00000000031c5800 Exception <a 'java/lang/IncompatibleClassChangeError': Found class java.lang.Object, but interface was expected> (0x00000000d7c4bd28) thrown at [D:\re\puppet\workspace\8-2-build-windows-amd64-cygwin\jdk8u73\6086\hotspot\src\share\vm\interpreter\linkResolve‡‹2iü$@
Event: 10.311 Thread 0x00000000031c5800 Implicit null exception at 0x0000000003524d97 to 0x0000000003525229
Event: 10.441 Thread 0x00000000031c5800 Implicit null exception at 0x00000000034c4399 to 0x00000000034c47c5

Events (10 events):
Event: 269.535 Executing VM operation: GetCurrentLocation
Event: 269.535 Executing VM operation: GetCurrentLocation done
Event: 269.535 Executing VM operation: EnterInterpOnlyMode
Event: 269.535 Executing VM operation: EnterInterpOnlyMode done
Event: 269.535 Executing VM operation: ChangeSingleStep
Event: 269.535 Executing VM operation: ChangeSingleStep done
Event: 269.535 Executing VM operation: ChangeSingleStep
Event: 269.535 Executing VM operation: ChangeSingleStep done
Event: 269.544 Executing VM operation: RedefineClasses
Event: 269.551 Executing VM operation: RedefineClasses done


Dynamic libraries:
0x00007ff7907b0000 - 0x00007ff7907e7000 	C:\Program Files\Java\jdk1.8.0_73\bin\javaw.exe
0x00007ffd66250000 - 0x00007ffd66411000 	C:\Windows\SYSTEM32\ntdll.dll
0x00007ffd63a70000 - 0x00007ffd63b1d000 	C:\Windows\system32\KERNEL32.DLL
0x00007ffd63200000 - 0x00007ffd633e8000 	C:\Windows\system32\KERNELBASE.dll
0x00007ffd65f90000 - 0x00007ffd66037000 	C:\Windows\system32\ADVAPI32.dll
0x00007ffd66150000 - 0x00007ffd661ed000 	C:\Windows\system32\msvcrt.dll
0x00007ffd63b20000 - 0x00007ffd63b7b000 	C:\Windows\system32\sechost.dll
0x00007ffd636c0000 - 0x00007ffd637dc000 	C:\Windows\system32\RPCRT4.dll
0x00007ffd65550000 - 0x00007ffd656a6000 	C:\Windows\system32\USER32.dll
0x00007ffd65b10000 - 0x00007ffd65c96000 	C:\Windows\system32\GDI32.dll
0x00007ffd59490000 - 0x00007ffd59704000 	C:\Windows\WinSxS\amd64_microsoft.windows.common-controls_6595b64144ccf1df_6.0.10586.494_none_a2d8b04ea53e3145\COMCTL32.dll
0x00007ffd65ca0000 - 0x00007ffd65f1d000 	C:\Windows\system32\combase.dll
0x00007ffd63090000 - 0x00007ffd630fa000 	C:\Windows\system32\bcryptPrimitives.dll
0x00007ffd65290000 - 0x00007ffd652cb000 	C:\Windows\system32\IMM32.DLL
0x000000005e180000 - 0x000000005e252000 	C:\Program Files\Java\jdk1.8.0_73\jre\bin\msvcr100.dll
0x000000005d8f0000 - 0x000000005e180000 	C:\Program Files\Java\jdk1.8.0_73\jre\bin\server\jvm.dll
0x00007ffd656b0000 - 0x00007ffd656b8000 	C:\Windows\system32\PSAPI.DLL
0x00007ffd61070000 - 0x00007ffd61079000 	C:\Windows\SYSTEM32\WSOCK32.dll
0x00007ffd60fe0000 - 0x00007ffd61003000 	C:\Windows\SYSTEM32\WINMM.dll
0x00007ffd65f20000 - 0x00007ffd65f8b000 	C:\Windows\system32\WS2_32.dll
0x00007ffd57980000 - 0x00007ffd5798a000 	C:\Windows\SYSTEM32\VERSION.dll
0x0000000002f10000 - 0x0000000002f3c000 	C:\Windows\SYSTEM32\WINMMBASE.dll
0x00007ffd631b0000 - 0x00007ffd631f3000 	C:\Windows\system32\cfgmgr32.dll
0x000000005d8e0000 - 0x000000005d8ef000 	C:\Program Files\Java\jdk1.8.0_73\jre\bin\verify.dll
0x000000005d8b0000 - 0x000000005d8d9000 	C:\Program Files\Java\jdk1.8.0_73\jre\bin\java.dll
0x000000005d870000 - 0x000000005d8a5000 	C:\Program Files\Java\jdk1.8.0_73\jre\bin\jdwp.dll
0x000000005d860000 - 0x000000005d868000 	C:\Program Files\Java\jdk1.8.0_73\jre\bin\npt.dll
0x000000005d840000 - 0x000000005d856000 	C:\Program Files\Java\jdk1.8.0_73\jre\bin\zip.dll
0x00007ffd63cd0000 - 0x00007ffd6522c000 	C:\Windows\system32\SHELL32.dll
0x00007ffd62a20000 - 0x00007ffd63065000 	C:\Windows\system32\windows.storage.dll
0x00007ffd63660000 - 0x00007ffd636b2000 	C:\Windows\system32\shlwapi.dll
0x00007ffd62870000 - 0x00007ffd6287f000 	C:\Windows\system32\kernel.appcore.dll
0x00007ffd62900000 - 0x00007ffd629b5000 	C:\Windows\system32\shcore.dll
0x00007ffd62890000 - 0x00007ffd628db000 	C:\Windows\system32\powrprof.dll
0x00007ffd628e0000 - 0x00007ffd628f4000 	C:\Windows\system32\profapi.dll
0x000000005d830000 - 0x000000005d839000 	C:\Program Files\Java\jdk1.8.0_73\jre\bin\dt_socket.dll
0x00007ffd55330000 - 0x00007ffd55346000 	C:\Windows\system32\napinsp.dll
0x00007ffd55350000 - 0x00007ffd5536a000 	C:\Windows\system32\pnrpnsp.dll
0x00007ffd60c90000 - 0x00007ffd60ca8000 	C:\Windows\system32\NLAapi.dll
0x00007ffd62140000 - 0x00007ffd6219c000 	C:\Windows\System32\mswsock.dll
0x00007ffd611f0000 - 0x00007ffd6129a000 	C:\Windows\SYSTEM32\DNSAPI.dll
0x00007ffd63650000 - 0x00007ffd63658000 	C:\Windows\system32\NSI.dll
0x00007ffd55810000 - 0x00007ffd5581d000 	C:\Windows\System32\winrnr.dll
0x00007ffd5c6b0000 - 0x00007ffd5c717000 	C:\Windows\System32\fwpuclnt.dll
0x00007ffd627a0000 - 0x00007ffd627c9000 	C:\Windows\SYSTEM32\bcrypt.dll
0x00007ffd56df0000 - 0x00007ffd56dfa000 	C:\Windows\System32\rasadhlp.dll
0x000000005d810000 - 0x000000005d82a000 	C:\Program Files\Java\jdk1.8.0_73\jre\bin\net.dll
0x00007ffd621f0000 - 0x00007ffd62207000 	C:\Windows\SYSTEM32\CRYPTSP.dll
0x00007ffd61e80000 - 0x00007ffd61eb4000 	C:\Windows\system32\rsaenh.dll
0x00007ffd61fd0000 - 0x00007ffd61fef000 	C:\Windows\SYSTEM32\USERENV.dll
0x00007ffd62310000 - 0x00007ffd6231b000 	C:\Windows\SYSTEM32\CRYPTBASE.dll
0x00007ffd5e240000 - 0x00007ffd5e278000 	C:\Windows\SYSTEM32\IPHLPAPI.DLL
0x00007ffd5bbc0000 - 0x00007ffd5bbd6000 	C:\Windows\SYSTEM32\dhcpcsvc6.DLL
0x00007ffd5bb80000 - 0x00007ffd5bb9a000 	C:\Windows\SYSTEM32\dhcpcsvc.DLL
0x000000005d7f0000 - 0x000000005d801000 	C:\Program Files\Java\jdk1.8.0_73\jre\bin\nio.dll
0x000000005d7c0000 - 0x000000005d7e4000 	C:\Program Files\Java\jdk1.8.0_73\jre\bin\sunec.dll
0x00007ffd54140000 - 0x00007ffd542cc000 	C:\Windows\SYSTEM32\dbghelp.dll

VM Arguments:
jvm_args: -agentlib:jdwp=transport=dt_socket,suspend=y,address=localhost:60299 -ea -Dfile.encoding=Cp1252 
java_command: org.testng.remote.RemoteTestNG -serport 60298 -protocol json -d D:\WebAutomation_msupply_R\WebAutomation_puma\test-output D:\WebAutomation_msupply_R\WebAutomation_puma\testng.xml
java_class_path (initial): D:\sw\eclipse-java-mars-2-win32-x86_64\eclipse\configuration\org.eclipse.osgi\508\0\.cp\lib\testng-remote.jar;D:\WebAutomation_msupply_R\WebAutomation_puma\target\test-classes;D:\WebAutomation_msupply_R\WebAutomation_puma\target\classes;D:\sw\eclipse-java-mars-2-win32-x86_64\eclipse\plugins\org.testng_6.13.1.r201712040515.jar;D:\sw\eclipse-java-mars-2-win32-x86_64\eclipse\plugins\com.beust.jcommander_1.72.0.jar;D:\sw\eclipse-java-mars-2-win32-x86_64\eclipse\plugins\org.apache-extras.beanshell.bsh_2.0.0.b6.jar;D:\sw\eclipse-java-mars-2-win32-x86_64\eclipse\plugins\org.yaml.snakeyaml_1.17.0.jar;C:\Users\Anshuman M\.m2\repository\net\sourceforge\tess4j\tess4j\3.2.1\tess4j-3.2.1.jar;C:\Users\Anshuman M\.m2\repository\net\java\dev\jna\jna\4.1.0\jna-4.1.0.jar;C:\Users\Anshuman M\.m2\repository\com\github\jai-imageio\jai-imageio-core\1.3.1\jai-imageio-core-1.3.1.jar;C:\Users\Anshuman M\.m2\repository\org\ghost4j\ghost4j\1.0.1\ghost4j-1.0.1.jar;C:\Users\Anshuman M\.m2\repository\commons-beanutils\commons-beanutils\1.9.2\commons-beanutils-1.9.2.jar;C:\Users\Anshuman M\.m2\repository\commons-logging\commons-logging\1.1.1\commons-logging-1.1.1.jar;C:\Users\Anshuman M\.m2\repository\commons-collections\commons-collections\3.2.1\commons-collections-3.2.1.jar;C:\Users\Anshuman M\.m2\repository\org\apache\xmlgraphics\xmlgraphics-commons\1.4\xmlgraphics-commons-1.4.jar;C:\Users\Anshuman M\.m2\repository\com\lowagie\itext\2.1.7\itext-2.1.7.jar;C:\Users\Anshuman M\.m2\repository\commons-io\commons-io\2.5\commons-io-2.5.jar;C:\Users\Anshuman M\.m2\repository\net\sourceforge\lept4j\lept4j\1.2.3\lept4j-1.2.3.jar;C:\Users\Anshuman M\.m2\repository\org\rococoa\rococoa-core\0.5\rococoa-core-0.5.jar;C:\Users\Anshuman M\.m2\repository\cglib\cglib\2.2.2\cglib-2.2.2.jar;C:\Users\Anshuman M\.m2\repository\asm\asm\3.3.1\asm-3.3.1.jar;C:\Users\Anshuman M\.m2\repository\ch\qos\logback\logback-classic\1.1.7\logback-classic-1.1.7.jar;C:\Users\Anshuman M\.m2\repository\ch
Launcher Type: SUN_STANDARD

Environment Variables:
JAVA_HOME=C:\Program Files\Java\jdk1.8.0_73
PATH=C:\Program Files\Java\jdk1.8.0_73\jre\bin;C:/Program Files/Java/jre1.8.0_73/bin/server;C:/Program Files/Java/jre1.8.0_73/bin;C:/Program Files/Java/jre1.8.0_73/lib/amd64;C:\ProgramData\Oracle\Java\javapath;C:\Program Files (x86)\Intel\iCLS Client\;C:\Program Files\Intel\iCLS Client\;C:\Windows\system32;C:\Windows;C:\Windows\System32\Wbem;C:\Windows\System32\WindowsPowerShell\v1.0\;C:\Program Files\Intel\Intel(R) Management Engine Components\DAL;C:\Program Files\Intel\Intel(R) Management Engine Components\IPT;C:\Program Files (x86)\Intel\Intel(R) Management Engine Components\DAL;C:\Program Files (x86)\Intel\Intel(R) Management Engine Components\IPT;C:\Program Files\Java\jdk1.8.0_73\bin;D:\sw\apache-maven-3.3.9\bin;D:\sw\apache-maven-3.3.9\bin;C:\Program Files (x86)\Google\Chrome\Application;C:\ProgramData\Oracle\Java\javapath;C:\Program Files (x86)\Intel\iCLS Client\;C:\Program Files\Intel\iCLS Client\;C:\Windows\system32;C:\Windows;C:\Windows\System32\Wbem;C:\Windows\System32\WindowsPowerShell\v1.0\;C:\Program Files\Intel\Intel(R) Management Engine Components\DAL;C:\Program Files\Intel\Intel(R) Management Engine Components\IPT;C:\Program Files (x86)\Intel\Intel(R) Management Engine Components\DAL;C:\Program Files (x86)\Intel\Intel(R) Management Engine Components\IPT;C:\Program Files\Java\jdk1.8.0_73\bin;D:\sw\apache-maven-3.3.9\bin;C:\Users\Anshuman M\AppData\Local\GitHubDesktop\bin;D:\sw\eclipse-java-mars-2-win32-x86_64\eclipse;
USERNAME=Anshuman M
OS=Windows_NT
PROCESSOR_IDENTIFIER=Intel64 Family 6 Model 60 Stepping 3, GenuineIntel



---------------  S Y S T E M  ---------------

OS: Windows 10.0 , 64 bit Build 10586 (10.0.10586.0)

CPU:total 4 (4 cores per cpu, 1 threads per core) family 6 model 60 stepping 3, cmov, cx8, fxsr, mmx, sse, sse2, sse3, ssse3, sse4.1, sse4.2, popcnt, avx, avx2, aes, clmul, erms, lzcnt, tsc, tscinvbit, bmi1, bmi2

Memory: 4k page, physical 8305192k(2739912k free), swap 11180168k(2793856k free)

vm_info: Java HotSpot(TM) 64-Bit Server VM (25.73-b02) for windows-amd64 JRE (1.8.0_73-b02), built on Jan 29 2016 17:38:49 by "java_re" with MS VC++ 10.0 (VS2010)

time: Thu Dec 21 19:18:32 2017
elapsed time: 269 seconds (0d 0h 4m 29s)

